Performing C SOURCE FILE Test ASTC_HAVE_MSSE2_SWITCH failed with the following output:
Change Dir: /Users/wangjunpeng/Documents/Work/HelloAnother/ios-build/CMakeFiles/CMakeTmp

Run Build Command(s):/usr/bin/xcodebuild -project CMAKE_TRY_COMPILE.xcodeproj build -target cmTC_ba6bf -parallelizeTargets -configuration Debug -hideShellScriptEnvironment && Command line invocation:
    /Applications/Xcode.app/Contents/Developer/usr/bin/xcodebuild -project CMAKE_TRY_COMPILE.xcodeproj build -target cmTC_ba6bf -parallelizeTargets -configuration Debug -hideShellScriptEnvironment

User defaults from command line:
    HideShellScriptEnvironment = YES

note: Using new build system
note: Building targets in parallel
note: Planning build
note: Constructing build description
warning: ONLY_ACTIVE_ARCH=YES requested with multiple ARCHS and no run destination to provide an active architecture; building for all applicable architectures (in target 'cmTC_ba6bf' from project 'CMAKE_TRY_COMPILE')
CreateBuildDirectory /Users/wangjunpeng/Documents/Work/HelloAnother/ios-build/CMakeFiles/CMakeTmp (in target 'cmTC_ba6bf' from project 'CMAKE_TRY_COMPILE')
    cd /Users/wangjunpeng/Documents/Work/HelloAnother/ios-build/CMakeFiles/CMakeTmp
    builtin-create-build-directory /Users/wangjunpeng/Documents/Work/HelloAnother/ios-build/CMakeFiles/CMakeTmp

MkDir /Users/wangjunpeng/Documents/Work/HelloAnother/ios-build/CMakeFiles/CMakeTmp/Debug/cmTC_ba6bf.app (in target 'cmTC_ba6bf' from project 'CMAKE_TRY_COMPILE')
    cd /Users/wangjunpeng/Documents/Work/HelloAnother/ios-build/CMakeFiles/CMakeTmp
    /bin/mkdir -p /Users/wangjunpeng/Documents/Work/HelloAnother/ios-build/CMakeFiles/CMakeTmp/Debug/cmTC_ba6bf.app

ProcessInfoPlistFile /Users/wangjunpeng/Documents/Work/HelloAnother/ios-build/CMakeFiles/CMakeTmp/Debug/cmTC_ba6bf.app/Info.plist /Users/wangjunpeng/Documents/Work/HelloAnother/ios-build/CMakeFiles/CMakeTmp/CMakeFiles/cmTC_ba6bf.dir/Info.plist (in target 'cmTC_ba6bf' from project 'CMAKE_TRY_COMPILE')
    cd /Users/wangjunpeng/Documents/Work/HelloAnother/ios-build/CMakeFiles/CMakeTmp
    builtin-infoPlistUtility /Users/wangjunpeng/Documents/Work/HelloAnother/ios-build/CMakeFiles/CMakeTmp/CMakeFiles/cmTC_ba6bf.dir/Info.plist -producttype com.apple.product-type.application -genpkginfo /Users/wangjunpeng/Documents/Work/HelloAnother/ios-build/CMakeFiles/CMakeTmp/Debug/cmTC_ba6bf.app/PkgInfo -expandbuildsettings -format binary -platform iphonesimulator -o /Users/wangjunpeng/Documents/Work/HelloAnother/ios-build/CMakeFiles/CMakeTmp/Debug/cmTC_ba6bf.app/Info.plist

CompileC /Users/wangjunpeng/Documents/Work/HelloAnother/ios-build/CMakeFiles/CMakeTmp/CMAKE_TRY_COMPILE.build/Debug-iphonesimulator/cmTC_ba6bf.build/Objects-normal/x86_64/src.o /Users/wangjunpeng/Documents/Work/HelloAnother/ios-build/CMakeFiles/CMakeTmp/src.c normal x86_64 c com.apple.compilers.llvm.clang.1_0.compiler (in target 'cmTC_ba6bf' from project 'CMAKE_TRY_COMPILE')
    cd /Users/wangjunpeng/Documents/Work/HelloAnother/ios-build/CMakeFiles/CMakeTmp
    /Applications/Xcode.app/Contents/Developer/Toolchains/XcodeDefault.xctoolchain/usr/bin/clang -x c -target x86_64-apple-ios14.4-simulator -fmessage-length\=0 -fdiagnostics-show-note-include-stack -fmacro-backtrace-limit\=0 -Wno-trigraphs -fpascal-strings -O0 -Wno-missing-field-initializers -Wno-missing-prototypes -Wno-return-type -Wno-missing-braces -Wparentheses -Wswitch -Wno-unused-function -Wno-unused-label -Wno-unused-parameter -Wno-unused-variable -Wunused-value -Wno-empty-body -Wno-uninitialized -Wno-unknown-pragmas -Wno-shadow -Wno-four-char-constants -Wno-conversion -Wno-constant-conversion -Wno-int-conversion -Wno-bool-conversion -Wno-enum-conversion -Wno-float-conversion -Wno-non-literal-null-conversion -Wno-objc-literal-conversion -Wshorten-64-to-32 -Wpointer-sign -Wno-newline-eof -DCMAKE_INTDIR\=\"Debug-iphonesimulator\" -DASTC_HAVE_MSSE2_SWITCH -isysroot /Applications/Xcode.app/Contents/Developer/Platforms/iPhoneSimulator.platform/Developer/SDKs/iPhoneSimulator14.4.sdk -fasm-blocks -fstrict-aliasing -Wdeprecated-declarations -g -Wno-sign-conversion -Wno-infinite-recursion -Wno-comma -Wno-block-capture-autoreleasing -Wno-strict-prototypes -Wno-semicolon-before-method-body -I/Users/wangjunpeng/Documents/Work/HelloAnother/ios-build/CMakeFiles/CMakeTmp/Debug/include -I/Users/wangjunpeng/Documents/Work/HelloAnother/ios-build/CMakeFiles/CMakeTmp/CMAKE_TRY_COMPILE.build/Debug-iphonesimulator/cmTC_ba6bf.build/DerivedSources-normal/x86_64 -I/Users/wangjunpeng/Documents/Work/HelloAnother/ios-build/CMakeFiles/CMakeTmp/CMAKE_TRY_COMPILE.build/Debug-iphonesimulator/cmTC_ba6bf.build/DerivedSources/x86_64 -I/Users/wangjunpeng/Documents/Work/HelloAnother/ios-build/CMakeFiles/CMakeTmp/CMAKE_TRY_COMPILE.build/Debug-iphonesimulator/cmTC_ba6bf.build/DerivedSources -F/Users/wangjunpeng/Documents/Work/HelloAnother/ios-build/CMakeFiles/CMakeTmp/Debug -Werror -msse2 -MMD -MT dependencies -MF /Users/wangjunpeng/Documents/Work/HelloAnother/ios-build/CMakeFiles/CMakeTmp/CMAKE_TRY_COMPILE.build/Debug-iphonesimulator/cmTC_ba6bf.build/Objects-normal/x86_64/src.d --serialize-diagnostics /Users/wangjunpeng/Documents/Work/HelloAnother/ios-build/CMakeFiles/CMakeTmp/CMAKE_TRY_COMPILE.build/Debug-iphonesimulator/cmTC_ba6bf.build/Objects-normal/x86_64/src.dia -c /Users/wangjunpeng/Documents/Work/HelloAnother/ios-build/CMakeFiles/CMakeTmp/src.c -o /Users/wangjunpeng/Documents/Work/HelloAnother/ios-build/CMakeFiles/CMakeTmp/CMAKE_TRY_COMPILE.build/Debug-iphonesimulator/cmTC_ba6bf.build/Objects-normal/x86_64/src.o

CompileC /Users/wangjunpeng/Documents/Work/HelloAnother/ios-build/CMakeFiles/CMakeTmp/CMAKE_TRY_COMPILE.build/Debug-iphonesimulator/cmTC_ba6bf.build/Objects-normal/arm64/src.o /Users/wangjunpeng/Documents/Work/HelloAnother/ios-build/CMakeFiles/CMakeTmp/src.c normal arm64 c com.apple.compilers.llvm.clang.1_0.compiler (in target 'cmTC_ba6bf' from project 'CMAKE_TRY_COMPILE')
    cd /Users/wangjunpeng/Documents/Work/HelloAnother/ios-build/CMakeFiles/CMakeTmp
    /Applications/Xcode.app/Contents/Developer/Toolchains/XcodeDefault.xctoolchain/usr/bin/clang -x c -target arm64-apple-ios14.4-simulator -fmessage-length\=0 -fdiagnostics-show-note-include-stack -fmacro-backtrace-limit\=0 -Wno-trigraphs -fpascal-strings -O0 -Wno-missing-field-initializers -Wno-missing-prototypes -Wno-return-type -Wno-missing-braces -Wparentheses -Wswitch -Wno-unused-function -Wno-unused-label -Wno-unused-parameter -Wno-unused-variable -Wunused-value -Wno-empty-body -Wno-uninitialized -Wno-unknown-pragmas -Wno-shadow -Wno-four-char-constants -Wno-conversion -Wno-constant-conversion -Wno-int-conversion -Wno-bool-conversion -Wno-enum-conversion -Wno-float-conversion -Wno-non-literal-null-conversion -Wno-objc-literal-conversion -Wshorten-64-to-32 -Wpointer-sign -Wno-newline-eof -DCMAKE_INTDIR\=\"Debug-iphonesimulator\" -DASTC_HAVE_MSSE2_SWITCH -isysroot /Applications/Xcode.app/Contents/Developer/Platforms/iPhoneSimulator.platform/Developer/SDKs/iPhoneSimulator14.4.sdk -fstrict-aliasing -Wdeprecated-declarations -g -Wno-sign-conversion -Wno-infinite-recursion -Wno-comma -Wno-block-capture-autoreleasing -Wno-strict-prototypes -Wno-semicolon-before-method-body -I/Users/wangjunpeng/Documents/Work/HelloAnother/ios-build/CMakeFiles/CMakeTmp/Debug/include -I/Users/wangjunpeng/Documents/Work/HelloAnother/ios-build/CMakeFiles/CMakeTmp/CMAKE_TRY_COMPILE.build/Debug-iphonesimulator/cmTC_ba6bf.build/DerivedSources-normal/arm64 -I/Users/wangjunpeng/Documents/Work/HelloAnother/ios-build/CMakeFiles/CMakeTmp/CMAKE_TRY_COMPILE.build/Debug-iphonesimulator/cmTC_ba6bf.build/DerivedSources/arm64 -I/Users/wangjunpeng/Documents/Work/HelloAnother/ios-build/CMakeFiles/CMakeTmp/CMAKE_TRY_COMPILE.build/Debug-iphonesimulator/cmTC_ba6bf.build/DerivedSources -F/Users/wangjunpeng/Documents/Work/HelloAnother/ios-build/CMakeFiles/CMakeTmp/Debug -Werror -msse2 -MMD -MT dependencies -MF /Users/wangjunpeng/Documents/Work/HelloAnother/ios-build/CMakeFiles/CMakeTmp/CMAKE_TRY_COMPILE.build/Debug-iphonesimulator/cmTC_ba6bf.build/Objects-normal/arm64/src.d --serialize-diagnostics /Users/wangjunpeng/Documents/Work/HelloAnother/ios-build/CMakeFiles/CMakeTmp/CMAKE_TRY_COMPILE.build/Debug-iphonesimulator/cmTC_ba6bf.build/Objects-normal/arm64/src.dia -c /Users/wangjunpeng/Documents/Work/HelloAnother/ios-build/CMakeFiles/CMakeTmp/src.c -o /Users/wangjunpeng/Documents/Work/HelloAnother/ios-build/CMakeFiles/CMakeTmp/CMAKE_TRY_COMPILE.build/Debug-iphonesimulator/cmTC_ba6bf.build/Objects-normal/arm64/src.o
clang: error: argument unused during compilation: '-msse2' [-Werror,-Wunused-command-line-argument]

WriteAuxiliaryFile /Users/wangjunpeng/Documents/Work/HelloAnother/ios-build/CMakeFiles/CMakeTmp/CMAKE_TRY_COMPILE.build/Debug-iphonesimulator/cmTC_ba6bf.build/Objects-normal/arm64/cmTC_ba6bf.LinkFileList (in target 'cmTC_ba6bf' from project 'CMAKE_TRY_COMPILE')
    cd /Users/wangjunpeng/Documents/Work/HelloAnother/ios-build/CMakeFiles/CMakeTmp
    write-file /Users/wangjunpeng/Documents/Work/HelloAnother/ios-build/CMakeFiles/CMakeTmp/CMAKE_TRY_COMPILE.build/Debug-iphonesimulator/cmTC_ba6bf.build/Objects-normal/arm64/cmTC_ba6bf.LinkFileList

WriteAuxiliaryFile /Users/wangjunpeng/Documents/Work/HelloAnother/ios-build/CMakeFiles/CMakeTmp/CMAKE_TRY_COMPILE.build/Debug-iphonesimulator/cmTC_ba6bf.build/Objects-normal/x86_64/cmTC_ba6bf.LinkFileList (in target 'cmTC_ba6bf' from project 'CMAKE_TRY_COMPILE')
    cd /Users/wangjunpeng/Documents/Work/HelloAnother/ios-build/CMakeFiles/CMakeTmp
    write-file /Users/wangjunpeng/Documents/Work/HelloAnother/ios-build/CMakeFiles/CMakeTmp/CMAKE_TRY_COMPILE.build/Debug-iphonesimulator/cmTC_ba6bf.build/Objects-normal/x86_64/cmTC_ba6bf.LinkFileList

Ld /Users/wangjunpeng/Documents/Work/HelloAnother/ios-build/CMakeFiles/CMakeTmp/CMAKE_TRY_COMPILE.build/Debug-iphonesimulator/cmTC_ba6bf.build/Objects-normal/x86_64/Binary/cmTC_ba6bf normal x86_64 (in target 'cmTC_ba6bf' from project 'CMAKE_TRY_COMPILE')
    cd /Users/wangjunpeng/Documents/Work/HelloAnother/ios-build/CMakeFiles/CMakeTmp
    /Applications/Xcode.app/Contents/Developer/Toolchains/XcodeDefault.xctoolchain/usr/bin/clang -target x86_64-apple-ios14.4-simulator -isysroot /Applications/Xcode.app/Contents/Developer/Platforms/iPhoneSimulator.platform/Developer/SDKs/iPhoneSimulator14.4.sdk -L/Users/wangjunpeng/Documents/Work/HelloAnother/ios-build/CMakeFiles/CMakeTmp/Debug -F/Users/wangjunpeng/Documents/Work/HelloAnother/ios-build/CMakeFiles/CMakeTmp/Debug -filelist /Users/wangjunpeng/Documents/Work/HelloAnother/ios-build/CMakeFiles/CMakeTmp/CMAKE_TRY_COMPILE.build/Debug-iphonesimulator/cmTC_ba6bf.build/Objects-normal/x86_64/cmTC_ba6bf.LinkFileList -dead_strip -Xlinker -object_path_lto -Xlinker /Users/wangjunpeng/Documents/Work/HelloAnother/ios-build/CMakeFiles/CMakeTmp/CMAKE_TRY_COMPILE.build/Debug-iphonesimulator/cmTC_ba6bf.build/Objects-normal/x86_64/cmTC_ba6bf_lto.o -Xlinker -no_deduplicate -Xlinker -objc_abi_version -Xlinker 2 -Wl,-headerpad_max_install_names -Xlinker -dependency_info -Xlinker /Users/wangjunpeng/Documents/Work/HelloAnother/ios-build/CMakeFiles/CMakeTmp/CMAKE_TRY_COMPILE.build/Debug-iphonesimulator/cmTC_ba6bf.build/Objects-normal/x86_64/cmTC_ba6bf_dependency_info.dat -o /Users/wangjunpeng/Documents/Work/HelloAnother/ios-build/CMakeFiles/CMakeTmp/CMAKE_TRY_COMPILE.build/Debug-iphonesimulator/cmTC_ba6bf.build/Objects-normal/x86_64/Binary/cmTC_ba6bf

** BUILD FAILED **


The following build commands failed:
	CompileC /Users/wangjunpeng/Documents/Work/HelloAnother/ios-build/CMakeFiles/CMakeTmp/CMAKE_TRY_COMPILE.build/Debug-iphonesimulator/cmTC_ba6bf.build/Objects-normal/arm64/src.o /Users/wangjunpeng/Documents/Work/HelloAnother/ios-build/CMakeFiles/CMakeTmp/src.c normal arm64 c com.apple.compilers.llvm.clang.1_0.compiler
(1 failure)


Source file was:
int main(void) { return 0; }
Determining if the include file smmintrin.h exists failed with the following output:
Change Dir: /Users/wangjunpeng/Documents/Work/HelloAnother/ios-build/CMakeFiles/CMakeTmp

Run Build Command(s):/usr/bin/xcodebuild -project CMAKE_TRY_COMPILE.xcodeproj build -target cmTC_50963 -parallelizeTargets -configuration Debug -hideShellScriptEnvironment && Command line invocation:
    /Applications/Xcode.app/Contents/Developer/usr/bin/xcodebuild -project CMAKE_TRY_COMPILE.xcodeproj build -target cmTC_50963 -parallelizeTargets -configuration Debug -hideShellScriptEnvironment

User defaults from command line:
    HideShellScriptEnvironment = YES

note: Using new build system
note: Building targets in parallel
note: Planning build
note: Constructing build description
warning: ONLY_ACTIVE_ARCH=YES requested with multiple ARCHS and no run destination to provide an active architecture; building for all applicable architectures (in target 'cmTC_50963' from project 'CMAKE_TRY_COMPILE')
CreateBuildDirectory /Users/wangjunpeng/Documents/Work/HelloAnother/ios-build/CMakeFiles/CMakeTmp (in target 'cmTC_50963' from project 'CMAKE_TRY_COMPILE')
    cd /Users/wangjunpeng/Documents/Work/HelloAnother/ios-build/CMakeFiles/CMakeTmp
    builtin-create-build-directory /Users/wangjunpeng/Documents/Work/HelloAnother/ios-build/CMakeFiles/CMakeTmp

MkDir /Users/wangjunpeng/Documents/Work/HelloAnother/ios-build/CMakeFiles/CMakeTmp/Debug/cmTC_50963.app (in target 'cmTC_50963' from project 'CMAKE_TRY_COMPILE')
    cd /Users/wangjunpeng/Documents/Work/HelloAnother/ios-build/CMakeFiles/CMakeTmp
    /bin/mkdir -p /Users/wangjunpeng/Documents/Work/HelloAnother/ios-build/CMakeFiles/CMakeTmp/Debug/cmTC_50963.app

ProcessInfoPlistFile /Users/wangjunpeng/Documents/Work/HelloAnother/ios-build/CMakeFiles/CMakeTmp/Debug/cmTC_50963.app/Info.plist /Users/wangjunpeng/Documents/Work/HelloAnother/ios-build/CMakeFiles/CMakeTmp/CMakeFiles/cmTC_50963.dir/Info.plist (in target 'cmTC_50963' from project 'CMAKE_TRY_COMPILE')
    cd /Users/wangjunpeng/Documents/Work/HelloAnother/ios-build/CMakeFiles/CMakeTmp
    builtin-infoPlistUtility /Users/wangjunpeng/Documents/Work/HelloAnother/ios-build/CMakeFiles/CMakeTmp/CMakeFiles/cmTC_50963.dir/Info.plist -producttype com.apple.product-type.application -genpkginfo /Users/wangjunpeng/Documents/Work/HelloAnother/ios-build/CMakeFiles/CMakeTmp/Debug/cmTC_50963.app/PkgInfo -expandbuildsettings -format binary -platform iphonesimulator -o /Users/wangjunpeng/Documents/Work/HelloAnother/ios-build/CMakeFiles/CMakeTmp/Debug/cmTC_50963.app/Info.plist

CompileC /Users/wangjunpeng/Documents/Work/HelloAnother/ios-build/CMakeFiles/CMakeTmp/CMAKE_TRY_COMPILE.build/Debug-iphonesimulator/cmTC_50963.build/Objects-normal/arm64/CheckIncludeFile.o /Users/wangjunpeng/Documents/Work/HelloAnother/ios-build/CMakeFiles/CMakeTmp/CheckIncludeFile.c normal arm64 c com.apple.compilers.llvm.clang.1_0.compiler (in target 'cmTC_50963' from project 'CMAKE_TRY_COMPILE')
    cd /Users/wangjunpeng/Documents/Work/HelloAnother/ios-build/CMakeFiles/CMakeTmp
    /Applications/Xcode.app/Contents/Developer/Toolchains/XcodeDefault.xctoolchain/usr/bin/clang -x c -target arm64-apple-ios14.4-simulator -fmessage-length\=0 -fdiagnostics-show-note-include-stack -fmacro-backtrace-limit\=0 -Wno-trigraphs -fpascal-strings -O0 -Wno-missing-field-initializers -Wno-missing-prototypes -Wno-return-type -Wno-missing-braces -Wparentheses -Wswitch -Wno-unused-function -Wno-unused-label -Wno-unused-parameter -Wno-unused-variable -Wunused-value -Wno-empty-body -Wno-uninitialized -Wno-unknown-pragmas -Wno-shadow -Wno-four-char-constants -Wno-conversion -Wno-constant-conversion -Wno-int-conversion -Wno-bool-conversion -Wno-enum-conversion -Wno-float-conversion -Wno-non-literal-null-conversion -Wno-objc-literal-conversion -Wshorten-64-to-32 -Wpointer-sign -Wno-newline-eof -DCMAKE_INTDIR\=\"Debug-iphonesimulator\" -isysroot /Applications/Xcode.app/Contents/Developer/Platforms/iPhoneSimulator.platform/Developer/SDKs/iPhoneSimulator14.4.sdk -fstrict-aliasing -Wdeprecated-declarations -g -Wno-sign-conversion -Wno-infinite-recursion -Wno-comma -Wno-block-capture-autoreleasing -Wno-strict-prototypes -Wno-semicolon-before-method-body -I/Users/wangjunpeng/Documents/Work/HelloAnother/ios-build/CMakeFiles/CMakeTmp/Debug/include -I/Users/wangjunpeng/Documents/Work/HelloAnother/ios-build/CMakeFiles/CMakeTmp/CMAKE_TRY_COMPILE.build/Debug-iphonesimulator/cmTC_50963.build/DerivedSources-normal/arm64 -I/Users/wangjunpeng/Documents/Work/HelloAnother/ios-build/CMakeFiles/CMakeTmp/CMAKE_TRY_COMPILE.build/Debug-iphonesimulator/cmTC_50963.build/DerivedSources/arm64 -I/Users/wangjunpeng/Documents/Work/HelloAnother/ios-build/CMakeFiles/CMakeTmp/CMAKE_TRY_COMPILE.build/Debug-iphonesimulator/cmTC_50963.build/DerivedSources -F/Users/wangjunpeng/Documents/Work/HelloAnother/ios-build/CMakeFiles/CMakeTmp/Debug -Werror -MMD -MT dependencies -MF /Users/wangjunpeng/Documents/Work/HelloAnother/ios-build/CMakeFiles/CMakeTmp/CMAKE_TRY_COMPILE.build/Debug-iphonesimulator/cmTC_50963.build/Objects-normal/arm64/CheckIncludeFile.d --serialize-diagnostics /Users/wangjunpeng/Documents/Work/HelloAnother/ios-build/CMakeFiles/CMakeTmp/CMAKE_TRY_COMPILE.build/Debug-iphonesimulator/cmTC_50963.build/Objects-normal/arm64/CheckIncludeFile.dia -c /Users/wangjunpeng/Documents/Work/HelloAnother/ios-build/CMakeFiles/CMakeTmp/CheckIncludeFile.c -o /Users/wangjunpeng/Documents/Work/HelloAnother/ios-build/CMakeFiles/CMakeTmp/CMAKE_TRY_COMPILE.build/Debug-iphonesimulator/cmTC_50963.build/Objects-normal/arm64/CheckIncludeFile.o
In file included from /Users/wangjunpeng/Documents/Work/HelloAnother/ios-build/CMakeFiles/CMakeTmp/CheckIncludeFile.c:1:
In file included from /Applications/Xcode.app/Contents/Developer/Toolchains/XcodeDefault.xctoolchain/usr/lib/clang/12.0.0/include/smmintrin.h:13:
In file included from /Applications/Xcode.app/Contents/Developer/Toolchains/XcodeDefault.xctoolchain/usr/lib/clang/12.0.0/include/tmmintrin.h:13:
In file included from /Applications/Xcode.app/Contents/Developer/Toolchains/XcodeDefault.xctoolchain/usr/lib/clang/12.0.0/include/pmmintrin.h:13:
In file included from /Applications/Xcode.app/Contents/Developer/Toolchains/XcodeDefault.xctoolchain/usr/lib/clang/12.0.0/include/emmintrin.h:13:
In file included from /Applications/Xcode.app/Contents/Developer/Toolchains/XcodeDefault.xctoolchain/usr/lib/clang/12.0.0/include/xmmintrin.h:13:
/Applications/Xcode.app/Contents/Developer/Toolchains/XcodeDefault.xctoolchain/usr/lib/clang/12.0.0/include/mmintrin.h:50:12: error: invalid conversion between vector type '__m64' (vector of 1 'long long' value) and integer type 'int' of different size
    return (__m64)__builtin_ia32_vec_init_v2si(__i, 0);
           ^~~~~~~~~~~~~~~~~~~~~~~~~~~~~~~~~~~~~~~~~~~
/Applications/Xcode.app/Contents/Developer/Toolchains/XcodeDefault.xctoolchain/usr/lib/clang/12.0.0/include/mmintrin.h:129:12: error: invalid conversion between vector type '__m64' (vector of 1 'long long' value) and integer type 'int' of different size
    return (__m64)__builtin_ia32_packsswb((__v4hi)__m1, (__v4hi)__m2);
           ^~~~~~~~~~~~~~~~~~~~~~~~~~~~~~~~~~~~~~~~~~~~~~~~~~~~~~~~~~
/Applications/Xcode.app/Contents/Developer/Toolchains/XcodeDefault.xctoolchain/usr/lib/clang/12.0.0/include/mmintrin.h:159:12: error: invalid conversion between vector type '__m64' (vector of 1 'long long' value) and integer type 'int' of different size
    return (__m64)__builtin_ia32_packssdw((__v2si)__m1, (__v2si)__m2);
           ^~~~~~~~~~~~~~~~~~~~~~~~~~~~~~~~~~~~~~~~~~~~~~~~~~~~~~~~~~
/Applications/Xcode.app/Contents/Developer/Toolchains/XcodeDefault.xctoolchain/usr/lib/clang/12.0.0/include/mmintrin.h:189:12: error: invalid conversion between vector type '__m64' (vector of 1 'long long' value) and integer type 'int' of different size
    return (__m64)__builtin_ia32_packuswb((__v4hi)__m1, (__v4hi)__m2);
           ^~~~~~~~~~~~~~~~~~~~~~~~~~~~~~~~~~~~~~~~~~~~~~~~~~~~~~~~~~
/Applications/Xcode.app/Contents/Developer/Toolchains/XcodeDefault.xctoolchain/usr/lib/clang/12.0.0/include/mmintrin.h:216:12: error: invalid conversion between vector type '__m64' (vector of 1 'long long' value) and integer type 'int' of different size
    return (__m64)__builtin_ia32_punpckhbw((__v8qi)__m1, (__v8qi)__m2);
           ^~~~~~~~~~~~~~~~~~~~~~~~~~~~~~~~~~~~~~~~~~~~~~~~~~~~~~~~~~~
/Applications/Xcode.app/Contents/Developer/Toolchains/XcodeDefault.xctoolchain/usr/lib/clang/12.0.0/include/mmintrin.h:239:12: error: invalid conversion between vector type '__m64' (vector of 1 'long long' value) and integer type 'int' of different size
    return (__m64)__builtin_ia32_punpckhwd((__v4hi)__m1, (__v4hi)__m2);
           ^~~~~~~~~~~~~~~~~~~~~~~~~~~~~~~~~~~~~~~~~~~~~~~~~~~~~~~~~~~
/Applications/Xcode.app/Contents/Developer/Toolchains/XcodeDefault.xctoolchain/usr/lib/clang/12.0.0/include/mmintrin.h:260:12: error: invalid conversion between vector type '__m64' (vector of 1 'long long' value) and integer type 'int' of different size
    return (__m64)__builtin_ia32_punpckhdq((__v2si)__m1, (__v2si)__m2);
           ^~~~~~~~~~~~~~~~~~~~~~~~~~~~~~~~~~~~~~~~~~~~~~~~~~~~~~~~~~~
/Applications/Xcode.app/Contents/Developer/Toolchains/XcodeDefault.xctoolchain/usr/lib/clang/12.0.0/include/mmintrin.h:287:12: error: invalid conversion between vector type '__m64' (vector of 1 'long long' value) and integer type 'int' of different size
    return (__m64)__builtin_ia32_punpcklbw((__v8qi)__m1, (__v8qi)__m2);
           ^~~~~~~~~~~~~~~~~~~~~~~~~~~~~~~~~~~~~~~~~~~~~~~~~~~~~~~~~~~
/Applications/Xcode.app/Contents/Developer/Toolchains/XcodeDefault.xctoolchain/usr/lib/clang/12.0.0/include/mmintrin.h:310:12: error: invalid conversion between vector type '__m64' (vector of 1 'long long' value) and integer type 'int' of different size
    return (__m64)__builtin_ia32_punpcklwd((__v4hi)__m1, (__v4hi)__m2);
           ^~~~~~~~~~~~~~~~~~~~~~~~~~~~~~~~~~~~~~~~~~~~~~~~~~~~~~~~~~~
/Applications/Xcode.app/Contents/Developer/Toolchains/XcodeDefault.xctoolchain/usr/lib/clang/12.0.0/include/mmintrin.h:331:12: error: invalid conversion between vector type '__m64' (vector of 1 'long long' value) and integer type 'int' of different size
    return (__m64)__builtin_ia32_punpckldq((__v2si)__m1, (__v2si)__m2);
           ^~~~~~~~~~~~~~~~~~~~~~~~~~~~~~~~~~~~~~~~~~~~~~~~~~~~~~~~~~~
/Applications/Xcode.app/Contents/Developer/Toolchains/XcodeDefault.xctoolchain/usr/lib/clang/12.0.0/include/mmintrin.h:352:12: error: invalid conversion between vector type '__m64' (vector of 1 'long long' value) and integer type 'int' of different size
    return (__m64)__builtin_ia32_paddb((__v8qi)__m1, (__v8qi)__m2);
           ^~~~~~~~~~~~~~~~~~~~~~~~~~~~~~~~~~~~~~~~~~~~~~~~~~~~~~~
/Applications/Xcode.app/Contents/Developer/Toolchains/XcodeDefault.xctoolchain/usr/lib/clang/12.0.0/include/mmintrin.h:373:12: error: invalid conversion between vector type '__m64' (vector of 1 'long long' value) and integer type 'int' of different size
    return (__m64)__builtin_ia32_paddw((__v4hi)__m1, (__v4hi)__m2);
           ^~~~~~~~~~~~~~~~~~~~~~~~~~~~~~~~~~~~~~~~~~~~~~~~~~~~~~~
/Applications/Xcode.app/Contents/Developer/Toolchains/XcodeDefault.xctoolchain/usr/lib/clang/12.0.0/include/mmintrin.h:394:12: error: invalid conversion between vector type '__m64' (vector of 1 'long long' value) and integer type 'int' of different size
    return (__m64)__builtin_ia32_paddd((__v2si)__m1, (__v2si)__m2);
           ^~~~~~~~~~~~~~~~~~~~~~~~~~~~~~~~~~~~~~~~~~~~~~~~~~~~~~~
/Applications/Xcode.app/Contents/Developer/Toolchains/XcodeDefault.xctoolchain/usr/lib/clang/12.0.0/include/mmintrin.h:416:12: error: invalid conversion between vector type '__m64' (vector of 1 'long long' value) and integer type 'int' of different size
    return (__m64)__builtin_ia32_paddsb((__v8qi)__m1, (__v8qi)__m2);
           ^~~~~~~~~~~~~~~~~~~~~~~~~~~~~~~~~~~~~~~~~~~~~~~~~~~~~~~~
/Applications/Xcode.app/Contents/Developer/Toolchains/XcodeDefault.xctoolchain/usr/lib/clang/12.0.0/include/mmintrin.h:439:12: error: invalid conversion between vector type '__m64' (vector of 1 'long long' value) and integer type 'int' of different size
    return (__m64)__builtin_ia32_paddsw((__v4hi)__m1, (__v4hi)__m2);
           ^~~~~~~~~~~~~~~~~~~~~~~~~~~~~~~~~~~~~~~~~~~~~~~~~~~~~~~~
/Applications/Xcode.app/Contents/Developer/Toolchains/XcodeDefault.xctoolchain/usr/lib/clang/12.0.0/include/mmintrin.h:461:12: error: invalid conversion between vector type '__m64' (vector of 1 'long long' value) and integer type 'int' of different size
    return (__m64)__builtin_ia32_paddusb((__v8qi)__m1, (__v8qi)__m2);
           ^~~~~~~~~~~~~~~~~~~~~~~~~~~~~~~~~~~~~~~~~~~~~~~~~~~~~~~~~
/Applications/Xcode.app/Contents/Developer/Toolchains/XcodeDefault.xctoolchain/usr/lib/clang/12.0.0/include/mmintrin.h:483:12: error: invalid conversion between vector type '__m64' (vector of 1 'long long' value) and integer type 'int' of different size
    return (__m64)__builtin_ia32_paddusw((__v4hi)__m1, (__v4hi)__m2);
           ^~~~~~~~~~~~~~~~~~~~~~~~~~~~~~~~~~~~~~~~~~~~~~~~~~~~~~~~~
/Applications/Xcode.app/Contents/Developer/Toolchains/XcodeDefault.xctoolchain/usr/lib/clang/12.0.0/include/mmintrin.h:504:12: error: invalid conversion between vector type '__m64' (vector of 1 'long long' value) and integer type 'int' of different size
    return (__m64)__builtin_ia32_psubb((__v8qi)__m1, (__v8qi)__m2);
           ^~~~~~~~~~~~~~~~~~~~~~~~~~~~~~~~~~~~~~~~~~~~~~~~~~~~~~~
/Applications/Xcode.app/Contents/Developer/Toolchains/XcodeDefault.xctoolchain/usr/lib/clang/12.0.0/include/mmintrin.h:525:12: error: invalid conversion between vector type '__m64' (vector of 1 'long long' value) and integer type 'int' of different size
    return (__m64)__builtin_ia32_psubw((__v4hi)__m1, (__v4hi)__m2);
           ^~~~~~~~~~~~~~~~~~~~~~~~~~~~~~~~~~~~~~~~~~~~~~~~~~~~~~~
fatal error: too many errors emitted, stopping now [-ferror-limit=]
20 errors generated.

WriteAuxiliaryFile /Users/wangjunpeng/Documents/Work/HelloAnother/ios-build/CMakeFiles/CMakeTmp/CMAKE_TRY_COMPILE.build/Debug-iphonesimulator/cmTC_50963.build/Objects-normal/arm64/cmTC_50963.LinkFileList (in target 'cmTC_50963' from project 'CMAKE_TRY_COMPILE')
    cd /Users/wangjunpeng/Documents/Work/HelloAnother/ios-build/CMakeFiles/CMakeTmp
    write-file /Users/wangjunpeng/Documents/Work/HelloAnother/ios-build/CMakeFiles/CMakeTmp/CMAKE_TRY_COMPILE.build/Debug-iphonesimulator/cmTC_50963.build/Objects-normal/arm64/cmTC_50963.LinkFileList

WriteAuxiliaryFile /Users/wangjunpeng/Documents/Work/HelloAnother/ios-build/CMakeFiles/CMakeTmp/CMAKE_TRY_COMPILE.build/Debug-iphonesimulator/cmTC_50963.build/Objects-normal/x86_64/cmTC_50963.LinkFileList (in target 'cmTC_50963' from project 'CMAKE_TRY_COMPILE')
    cd /Users/wangjunpeng/Documents/Work/HelloAnother/ios-build/CMakeFiles/CMakeTmp
    write-file /Users/wangjunpeng/Documents/Work/HelloAnother/ios-build/CMakeFiles/CMakeTmp/CMAKE_TRY_COMPILE.build/Debug-iphonesimulator/cmTC_50963.build/Objects-normal/x86_64/cmTC_50963.LinkFileList

CompileC /Users/wangjunpeng/Documents/Work/HelloAnother/ios-build/CMakeFiles/CMakeTmp/CMAKE_TRY_COMPILE.build/Debug-iphonesimulator/cmTC_50963.build/Objects-normal/x86_64/CheckIncludeFile.o /Users/wangjunpeng/Documents/Work/HelloAnother/ios-build/CMakeFiles/CMakeTmp/CheckIncludeFile.c normal x86_64 c com.apple.compilers.llvm.clang.1_0.compiler (in target 'cmTC_50963' from project 'CMAKE_TRY_COMPILE')
    cd /Users/wangjunpeng/Documents/Work/HelloAnother/ios-build/CMakeFiles/CMakeTmp
    /Applications/Xcode.app/Contents/Developer/Toolchains/XcodeDefault.xctoolchain/usr/bin/clang -x c -target x86_64-apple-ios14.4-simulator -fmessage-length\=0 -fdiagnostics-show-note-include-stack -fmacro-backtrace-limit\=0 -Wno-trigraphs -fpascal-strings -O0 -Wno-missing-field-initializers -Wno-missing-prototypes -Wno-return-type -Wno-missing-braces -Wparentheses -Wswitch -Wno-unused-function -Wno-unused-label -Wno-unused-parameter -Wno-unused-variable -Wunused-value -Wno-empty-body -Wno-uninitialized -Wno-unknown-pragmas -Wno-shadow -Wno-four-char-constants -Wno-conversion -Wno-constant-conversion -Wno-int-conversion -Wno-bool-conversion -Wno-enum-conversion -Wno-float-conversion -Wno-non-literal-null-conversion -Wno-objc-literal-conversion -Wshorten-64-to-32 -Wpointer-sign -Wno-newline-eof -DCMAKE_INTDIR\=\"Debug-iphonesimulator\" -isysroot /Applications/Xcode.app/Contents/Developer/Platforms/iPhoneSimulator.platform/Developer/SDKs/iPhoneSimulator14.4.sdk -fasm-blocks -fstrict-aliasing -Wdeprecated-declarations -g -Wno-sign-conversion -Wno-infinite-recursion -Wno-comma -Wno-block-capture-autoreleasing -Wno-strict-prototypes -Wno-semicolon-before-method-body -I/Users/wangjunpeng/Documents/Work/HelloAnother/ios-build/CMakeFiles/CMakeTmp/Debug/include -I/Users/wangjunpeng/Documents/Work/HelloAnother/ios-build/CMakeFiles/CMakeTmp/CMAKE_TRY_COMPILE.build/Debug-iphonesimulator/cmTC_50963.build/DerivedSources-normal/x86_64 -I/Users/wangjunpeng/Documents/Work/HelloAnother/ios-build/CMakeFiles/CMakeTmp/CMAKE_TRY_COMPILE.build/Debug-iphonesimulator/cmTC_50963.build/DerivedSources/x86_64 -I/Users/wangjunpeng/Documents/Work/HelloAnother/ios-build/CMakeFiles/CMakeTmp/CMAKE_TRY_COMPILE.build/Debug-iphonesimulator/cmTC_50963.build/DerivedSources -F/Users/wangjunpeng/Documents/Work/HelloAnother/ios-build/CMakeFiles/CMakeTmp/Debug -Werror -MMD -MT dependencies -MF /Users/wangjunpeng/Documents/Work/HelloAnother/ios-build/CMakeFiles/CMakeTmp/CMAKE_TRY_COMPILE.build/Debug-iphonesimulator/cmTC_50963.build/Objects-normal/x86_64/CheckIncludeFile.d --serialize-diagnostics /Users/wangjunpeng/Documents/Work/HelloAnother/ios-build/CMakeFiles/CMakeTmp/CMAKE_TRY_COMPILE.build/Debug-iphonesimulator/cmTC_50963.build/Objects-normal/x86_64/CheckIncludeFile.dia -c /Users/wangjunpeng/Documents/Work/HelloAnother/ios-build/CMakeFiles/CMakeTmp/CheckIncludeFile.c -o /Users/wangjunpeng/Documents/Work/HelloAnother/ios-build/CMakeFiles/CMakeTmp/CMAKE_TRY_COMPILE.build/Debug-iphonesimulator/cmTC_50963.build/Objects-normal/x86_64/CheckIncludeFile.o

Ld /Users/wangjunpeng/Documents/Work/HelloAnother/ios-build/CMakeFiles/CMakeTmp/CMAKE_TRY_COMPILE.build/Debug-iphonesimulator/cmTC_50963.build/Objects-normal/x86_64/Binary/cmTC_50963 normal x86_64 (in target 'cmTC_50963' from project 'CMAKE_TRY_COMPILE')
    cd /Users/wangjunpeng/Documents/Work/HelloAnother/ios-build/CMakeFiles/CMakeTmp
    /Applications/Xcode.app/Contents/Developer/Toolchains/XcodeDefault.xctoolchain/usr/bin/clang -target x86_64-apple-ios14.4-simulator -isysroot /Applications/Xcode.app/Contents/Developer/Platforms/iPhoneSimulator.platform/Developer/SDKs/iPhoneSimulator14.4.sdk -L/Users/wangjunpeng/Documents/Work/HelloAnother/ios-build/CMakeFiles/CMakeTmp/Debug -F/Users/wangjunpeng/Documents/Work/HelloAnother/ios-build/CMakeFiles/CMakeTmp/Debug -filelist /Users/wangjunpeng/Documents/Work/HelloAnother/ios-build/CMakeFiles/CMakeTmp/CMAKE_TRY_COMPILE.build/Debug-iphonesimulator/cmTC_50963.build/Objects-normal/x86_64/cmTC_50963.LinkFileList -dead_strip -Xlinker -object_path_lto -Xlinker /Users/wangjunpeng/Documents/Work/HelloAnother/ios-build/CMakeFiles/CMakeTmp/CMAKE_TRY_COMPILE.build/Debug-iphonesimulator/cmTC_50963.build/Objects-normal/x86_64/cmTC_50963_lto.o -Xlinker -no_deduplicate -Xlinker -objc_abi_version -Xlinker 2 -Wl,-headerpad_max_install_names -Xlinker -dependency_info -Xlinker /Users/wangjunpeng/Documents/Work/HelloAnother/ios-build/CMakeFiles/CMakeTmp/CMAKE_TRY_COMPILE.build/Debug-iphonesimulator/cmTC_50963.build/Objects-normal/x86_64/cmTC_50963_dependency_info.dat -o /Users/wangjunpeng/Documents/Work/HelloAnother/ios-build/CMakeFiles/CMakeTmp/CMAKE_TRY_COMPILE.build/Debug-iphonesimulator/cmTC_50963.build/Objects-normal/x86_64/Binary/cmTC_50963

** BUILD FAILED **


The following build commands failed:
	CompileC /Users/wangjunpeng/Documents/Work/HelloAnother/ios-build/CMakeFiles/CMakeTmp/CMAKE_TRY_COMPILE.build/Debug-iphonesimulator/cmTC_50963.build/Objects-normal/arm64/CheckIncludeFile.o /Users/wangjunpeng/Documents/Work/HelloAnother/ios-build/CMakeFiles/CMakeTmp/CheckIncludeFile.c normal arm64 c com.apple.compilers.llvm.clang.1_0.compiler
(1 failure)



Determining if the include file arm_neon.h exists failed with the following output:
Change Dir: /Users/wangjunpeng/Documents/Work/HelloAnother/ios-build/CMakeFiles/CMakeTmp

Run Build Command(s):/usr/bin/xcodebuild -project CMAKE_TRY_COMPILE.xcodeproj build -target cmTC_611da -parallelizeTargets -configuration Debug -hideShellScriptEnvironment && Command line invocation:
    /Applications/Xcode.app/Contents/Developer/usr/bin/xcodebuild -project CMAKE_TRY_COMPILE.xcodeproj build -target cmTC_611da -parallelizeTargets -configuration Debug -hideShellScriptEnvironment

User defaults from command line:
    HideShellScriptEnvironment = YES

note: Using new build system
note: Building targets in parallel
note: Planning build
note: Constructing build description
warning: ONLY_ACTIVE_ARCH=YES requested with multiple ARCHS and no run destination to provide an active architecture; building for all applicable architectures (in target 'cmTC_611da' from project 'CMAKE_TRY_COMPILE')
CreateBuildDirectory /Users/wangjunpeng/Documents/Work/HelloAnother/ios-build/CMakeFiles/CMakeTmp (in target 'cmTC_611da' from project 'CMAKE_TRY_COMPILE')
    cd /Users/wangjunpeng/Documents/Work/HelloAnother/ios-build/CMakeFiles/CMakeTmp
    builtin-create-build-directory /Users/wangjunpeng/Documents/Work/HelloAnother/ios-build/CMakeFiles/CMakeTmp

MkDir /Users/wangjunpeng/Documents/Work/HelloAnother/ios-build/CMakeFiles/CMakeTmp/Debug/cmTC_611da.app (in target 'cmTC_611da' from project 'CMAKE_TRY_COMPILE')
    cd /Users/wangjunpeng/Documents/Work/HelloAnother/ios-build/CMakeFiles/CMakeTmp
    /bin/mkdir -p /Users/wangjunpeng/Documents/Work/HelloAnother/ios-build/CMakeFiles/CMakeTmp/Debug/cmTC_611da.app

ProcessInfoPlistFile /Users/wangjunpeng/Documents/Work/HelloAnother/ios-build/CMakeFiles/CMakeTmp/Debug/cmTC_611da.app/Info.plist /Users/wangjunpeng/Documents/Work/HelloAnother/ios-build/CMakeFiles/CMakeTmp/CMakeFiles/cmTC_611da.dir/Info.plist (in target 'cmTC_611da' from project 'CMAKE_TRY_COMPILE')
    cd /Users/wangjunpeng/Documents/Work/HelloAnother/ios-build/CMakeFiles/CMakeTmp
    builtin-infoPlistUtility /Users/wangjunpeng/Documents/Work/HelloAnother/ios-build/CMakeFiles/CMakeTmp/CMakeFiles/cmTC_611da.dir/Info.plist -producttype com.apple.product-type.application -genpkginfo /Users/wangjunpeng/Documents/Work/HelloAnother/ios-build/CMakeFiles/CMakeTmp/Debug/cmTC_611da.app/PkgInfo -expandbuildsettings -format binary -platform iphonesimulator -o /Users/wangjunpeng/Documents/Work/HelloAnother/ios-build/CMakeFiles/CMakeTmp/Debug/cmTC_611da.app/Info.plist

CompileC /Users/wangjunpeng/Documents/Work/HelloAnother/ios-build/CMakeFiles/CMakeTmp/CMAKE_TRY_COMPILE.build/Debug-iphonesimulator/cmTC_611da.build/Objects-normal/arm64/CheckIncludeFile.o /Users/wangjunpeng/Documents/Work/HelloAnother/ios-build/CMakeFiles/CMakeTmp/CheckIncludeFile.c normal arm64 c com.apple.compilers.llvm.clang.1_0.compiler (in target 'cmTC_611da' from project 'CMAKE_TRY_COMPILE')
    cd /Users/wangjunpeng/Documents/Work/HelloAnother/ios-build/CMakeFiles/CMakeTmp
    /Applications/Xcode.app/Contents/Developer/Toolchains/XcodeDefault.xctoolchain/usr/bin/clang -x c -target arm64-apple-ios14.4-simulator -fmessage-length\=0 -fdiagnostics-show-note-include-stack -fmacro-backtrace-limit\=0 -Wno-trigraphs -fpascal-strings -O0 -Wno-missing-field-initializers -Wno-missing-prototypes -Wno-return-type -Wno-missing-braces -Wparentheses -Wswitch -Wno-unused-function -Wno-unused-label -Wno-unused-parameter -Wno-unused-variable -Wunused-value -Wno-empty-body -Wno-uninitialized -Wno-unknown-pragmas -Wno-shadow -Wno-four-char-constants -Wno-conversion -Wno-constant-conversion -Wno-int-conversion -Wno-bool-conversion -Wno-enum-conversion -Wno-float-conversion -Wno-non-literal-null-conversion -Wno-objc-literal-conversion -Wshorten-64-to-32 -Wpointer-sign -Wno-newline-eof -DCMAKE_INTDIR\=\"Debug-iphonesimulator\" -isysroot /Applications/Xcode.app/Contents/Developer/Platforms/iPhoneSimulator.platform/Developer/SDKs/iPhoneSimulator14.4.sdk -fstrict-aliasing -Wdeprecated-declarations -g -Wno-sign-conversion -Wno-infinite-recursion -Wno-comma -Wno-block-capture-autoreleasing -Wno-strict-prototypes -Wno-semicolon-before-method-body -I/Users/wangjunpeng/Documents/Work/HelloAnother/ios-build/CMakeFiles/CMakeTmp/Debug/include -I/Users/wangjunpeng/Documents/Work/HelloAnother/ios-build/CMakeFiles/CMakeTmp/CMAKE_TRY_COMPILE.build/Debug-iphonesimulator/cmTC_611da.build/DerivedSources-normal/arm64 -I/Users/wangjunpeng/Documents/Work/HelloAnother/ios-build/CMakeFiles/CMakeTmp/CMAKE_TRY_COMPILE.build/Debug-iphonesimulator/cmTC_611da.build/DerivedSources/arm64 -I/Users/wangjunpeng/Documents/Work/HelloAnother/ios-build/CMakeFiles/CMakeTmp/CMAKE_TRY_COMPILE.build/Debug-iphonesimulator/cmTC_611da.build/DerivedSources -F/Users/wangjunpeng/Documents/Work/HelloAnother/ios-build/CMakeFiles/CMakeTmp/Debug -Werror -MMD -MT dependencies -MF /Users/wangjunpeng/Documents/Work/HelloAnother/ios-build/CMakeFiles/CMakeTmp/CMAKE_TRY_COMPILE.build/Debug-iphonesimulator/cmTC_611da.build/Objects-normal/arm64/CheckIncludeFile.d --serialize-diagnostics /Users/wangjunpeng/Documents/Work/HelloAnother/ios-build/CMakeFiles/CMakeTmp/CMAKE_TRY_COMPILE.build/Debug-iphonesimulator/cmTC_611da.build/Objects-normal/arm64/CheckIncludeFile.dia -c /Users/wangjunpeng/Documents/Work/HelloAnother/ios-build/CMakeFiles/CMakeTmp/CheckIncludeFile.c -o /Users/wangjunpeng/Documents/Work/HelloAnother/ios-build/CMakeFiles/CMakeTmp/CMAKE_TRY_COMPILE.build/Debug-iphonesimulator/cmTC_611da.build/Objects-normal/arm64/CheckIncludeFile.o

CompileC /Users/wangjunpeng/Documents/Work/HelloAnother/ios-build/CMakeFiles/CMakeTmp/CMAKE_TRY_COMPILE.build/Debug-iphonesimulator/cmTC_611da.build/Objects-normal/x86_64/CheckIncludeFile.o /Users/wangjunpeng/Documents/Work/HelloAnother/ios-build/CMakeFiles/CMakeTmp/CheckIncludeFile.c normal x86_64 c com.apple.compilers.llvm.clang.1_0.compiler (in target 'cmTC_611da' from project 'CMAKE_TRY_COMPILE')
    cd /Users/wangjunpeng/Documents/Work/HelloAnother/ios-build/CMakeFiles/CMakeTmp
    /Applications/Xcode.app/Contents/Developer/Toolchains/XcodeDefault.xctoolchain/usr/bin/clang -x c -target x86_64-apple-ios14.4-simulator -fmessage-length\=0 -fdiagnostics-show-note-include-stack -fmacro-backtrace-limit\=0 -Wno-trigraphs -fpascal-strings -O0 -Wno-missing-field-initializers -Wno-missing-prototypes -Wno-return-type -Wno-missing-braces -Wparentheses -Wswitch -Wno-unused-function -Wno-unused-label -Wno-unused-parameter -Wno-unused-variable -Wunused-value -Wno-empty-body -Wno-uninitialized -Wno-unknown-pragmas -Wno-shadow -Wno-four-char-constants -Wno-conversion -Wno-constant-conversion -Wno-int-conversion -Wno-bool-conversion -Wno-enum-conversion -Wno-float-conversion -Wno-non-literal-null-conversion -Wno-objc-literal-conversion -Wshorten-64-to-32 -Wpointer-sign -Wno-newline-eof -DCMAKE_INTDIR\=\"Debug-iphonesimulator\" -isysroot /Applications/Xcode.app/Contents/Developer/Platforms/iPhoneSimulator.platform/Developer/SDKs/iPhoneSimulator14.4.sdk -fasm-blocks -fstrict-aliasing -Wdeprecated-declarations -g -Wno-sign-conversion -Wno-infinite-recursion -Wno-comma -Wno-block-capture-autoreleasing -Wno-strict-prototypes -Wno-semicolon-before-method-body -I/Users/wangjunpeng/Documents/Work/HelloAnother/ios-build/CMakeFiles/CMakeTmp/Debug/include -I/Users/wangjunpeng/Documents/Work/HelloAnother/ios-build/CMakeFiles/CMakeTmp/CMAKE_TRY_COMPILE.build/Debug-iphonesimulator/cmTC_611da.build/DerivedSources-normal/x86_64 -I/Users/wangjunpeng/Documents/Work/HelloAnother/ios-build/CMakeFiles/CMakeTmp/CMAKE_TRY_COMPILE.build/Debug-iphonesimulator/cmTC_611da.build/DerivedSources/x86_64 -I/Users/wangjunpeng/Documents/Work/HelloAnother/ios-build/CMakeFiles/CMakeTmp/CMAKE_TRY_COMPILE.build/Debug-iphonesimulator/cmTC_611da.build/DerivedSources -F/Users/wangjunpeng/Documents/Work/HelloAnother/ios-build/CMakeFiles/CMakeTmp/Debug -Werror -MMD -MT dependencies -MF /Users/wangjunpeng/Documents/Work/HelloAnother/ios-build/CMakeFiles/CMakeTmp/CMAKE_TRY_COMPILE.build/Debug-iphonesimulator/cmTC_611da.build/Objects-normal/x86_64/CheckIncludeFile.d --serialize-diagnostics /Users/wangjunpeng/Documents/Work/HelloAnother/ios-build/CMakeFiles/CMakeTmp/CMAKE_TRY_COMPILE.build/Debug-iphonesimulator/cmTC_611da.build/Objects-normal/x86_64/CheckIncludeFile.dia -c /Users/wangjunpeng/Documents/Work/HelloAnother/ios-build/CMakeFiles/CMakeTmp/CheckIncludeFile.c -o /Users/wangjunpeng/Documents/Work/HelloAnother/ios-build/CMakeFiles/CMakeTmp/CMAKE_TRY_COMPILE.build/Debug-iphonesimulator/cmTC_611da.build/Objects-normal/x86_64/CheckIncludeFile.o
In file included from /Users/wangjunpeng/Documents/Work/HelloAnother/ios-build/CMakeFiles/CMakeTmp/CheckIncludeFile.c:1:
/Applications/Xcode.app/Contents/Developer/Toolchains/XcodeDefault.xctoolchain/usr/lib/clang/12.0.0/include/arm_neon.h:28:2: error: "NEON support not enabled"
#error "NEON support not enabled"
 ^
/Applications/Xcode.app/Contents/Developer/Toolchains/XcodeDefault.xctoolchain/usr/lib/clang/12.0.0/include/arm_neon.h:48:24: error: 'neon_vector_type' attribute is not supported for this target
typedef __attribute__((neon_vector_type(8))) int8_t int8x8_t;
                       ^
/Applications/Xcode.app/Contents/Developer/Toolchains/XcodeDefault.xctoolchain/usr/lib/clang/12.0.0/include/arm_neon.h:49:24: error: 'neon_vector_type' attribute is not supported for this target
typedef __attribute__((neon_vector_type(16))) int8_t int8x16_t;
                       ^
/Applications/Xcode.app/Contents/Developer/Toolchains/XcodeDefault.xctoolchain/usr/lib/clang/12.0.0/include/arm_neon.h:50:24: error: 'neon_vector_type' attribute is not supported for this target
typedef __attribute__((neon_vector_type(4))) int16_t int16x4_t;
                       ^
/Applications/Xcode.app/Contents/Developer/Toolchains/XcodeDefault.xctoolchain/usr/lib/clang/12.0.0/include/arm_neon.h:51:24: error: 'neon_vector_type' attribute is not supported for this target
typedef __attribute__((neon_vector_type(8))) int16_t int16x8_t;
                       ^
/Applications/Xcode.app/Contents/Developer/Toolchains/XcodeDefault.xctoolchain/usr/lib/clang/12.0.0/include/arm_neon.h:52:24: error: 'neon_vector_type' attribute is not supported for this target
typedef __attribute__((neon_vector_type(2))) int32_t int32x2_t;
                       ^
/Applications/Xcode.app/Contents/Developer/Toolchains/XcodeDefault.xctoolchain/usr/lib/clang/12.0.0/include/arm_neon.h:53:24: error: 'neon_vector_type' attribute is not supported for this target
typedef __attribute__((neon_vector_type(4))) int32_t int32x4_t;
                       ^
/Applications/Xcode.app/Contents/Developer/Toolchains/XcodeDefault.xctoolchain/usr/lib/clang/12.0.0/include/arm_neon.h:54:24: error: 'neon_vector_type' attribute is not supported for this target
typedef __attribute__((neon_vector_type(1))) int64_t int64x1_t;
                       ^
/Applications/Xcode.app/Contents/Developer/Toolchains/XcodeDefault.xctoolchain/usr/lib/clang/12.0.0/include/arm_neon.h:55:24: error: 'neon_vector_type' attribute is not supported for this target
typedef __attribute__((neon_vector_type(2))) int64_t int64x2_t;
                       ^
/Applications/Xcode.app/Contents/Developer/Toolchains/XcodeDefault.xctoolchain/usr/lib/clang/12.0.0/include/arm_neon.h:56:24: error: 'neon_vector_type' attribute is not supported for this target
typedef __attribute__((neon_vector_type(8))) uint8_t uint8x8_t;
                       ^
/Applications/Xcode.app/Contents/Developer/Toolchains/XcodeDefault.xctoolchain/usr/lib/clang/12.0.0/include/arm_neon.h:57:24: error: 'neon_vector_type' attribute is not supported for this target
typedef __attribute__((neon_vector_type(16))) uint8_t uint8x16_t;
                       ^
/Applications/Xcode.app/Contents/Developer/Toolchains/XcodeDefault.xctoolchain/usr/lib/clang/12.0.0/include/arm_neon.h:58:24: error: 'neon_vector_type' attribute is not supported for this target
typedef __attribute__((neon_vector_type(4))) uint16_t uint16x4_t;
                       ^
/Applications/Xcode.app/Contents/Developer/Toolchains/XcodeDefault.xctoolchain/usr/lib/clang/12.0.0/include/arm_neon.h:59:24: error: 'neon_vector_type' attribute is not supported for this target
typedef __attribute__((neon_vector_type(8))) uint16_t uint16x8_t;
                       ^
/Applications/Xcode.app/Contents/Developer/Toolchains/XcodeDefault.xctoolchain/usr/lib/clang/12.0.0/include/arm_neon.h:60:24: error: 'neon_vector_type' attribute is not supported for this target
typedef __attribute__((neon_vector_type(2))) uint32_t uint32x2_t;
                       ^
/Applications/Xcode.app/Contents/Developer/Toolchains/XcodeDefault.xctoolchain/usr/lib/clang/12.0.0/include/arm_neon.h:61:24: error: 'neon_vector_type' attribute is not supported for this target
typedef __attribute__((neon_vector_type(4))) uint32_t uint32x4_t;
                       ^
/Applications/Xcode.app/Contents/Developer/Toolchains/XcodeDefault.xctoolchain/usr/lib/clang/12.0.0/include/arm_neon.h:62:24: error: 'neon_vector_type' attribute is not supported for this target
typedef __attribute__((neon_vector_type(1))) uint64_t uint64x1_t;
                       ^
/Applications/Xcode.app/Contents/Developer/Toolchains/XcodeDefault.xctoolchain/usr/lib/clang/12.0.0/include/arm_neon.h:63:24: error: 'neon_vector_type' attribute is not supported for this target
typedef __attribute__((neon_vector_type(2))) uint64_t uint64x2_t;
                       ^
/Applications/Xcode.app/Contents/Developer/Toolchains/XcodeDefault.xctoolchain/usr/lib/clang/12.0.0/include/arm_neon.h:64:24: error: 'neon_vector_type' attribute is not supported for this target
typedef __attribute__((neon_vector_type(4))) float16_t float16x4_t;
                       ^
/Applications/Xcode.app/Contents/Developer/Toolchains/XcodeDefault.xctoolchain/usr/lib/clang/12.0.0/include/arm_neon.h:65:24: error: 'neon_vector_type' attribute is not supported for this target
typedef __attribute__((neon_vector_type(8))) float16_t float16x8_t;
                       ^
fatal error: too many errors emitted, stopping now [-ferror-limit=]
20 errors generated.

WriteAuxiliaryFile /Users/wangjunpeng/Documents/Work/HelloAnother/ios-build/CMakeFiles/CMakeTmp/CMAKE_TRY_COMPILE.build/Debug-iphonesimulator/cmTC_611da.build/Objects-normal/arm64/cmTC_611da.LinkFileList (in target 'cmTC_611da' from project 'CMAKE_TRY_COMPILE')
    cd /Users/wangjunpeng/Documents/Work/HelloAnother/ios-build/CMakeFiles/CMakeTmp
    write-file /Users/wangjunpeng/Documents/Work/HelloAnother/ios-build/CMakeFiles/CMakeTmp/CMAKE_TRY_COMPILE.build/Debug-iphonesimulator/cmTC_611da.build/Objects-normal/arm64/cmTC_611da.LinkFileList

WriteAuxiliaryFile /Users/wangjunpeng/Documents/Work/HelloAnother/ios-build/CMakeFiles/CMakeTmp/CMAKE_TRY_COMPILE.build/Debug-iphonesimulator/cmTC_611da.build/Objects-normal/x86_64/cmTC_611da.LinkFileList (in target 'cmTC_611da' from project 'CMAKE_TRY_COMPILE')
    cd /Users/wangjunpeng/Documents/Work/HelloAnother/ios-build/CMakeFiles/CMakeTmp
    write-file /Users/wangjunpeng/Documents/Work/HelloAnother/ios-build/CMakeFiles/CMakeTmp/CMAKE_TRY_COMPILE.build/Debug-iphonesimulator/cmTC_611da.build/Objects-normal/x86_64/cmTC_611da.LinkFileList

** BUILD FAILED **


The following build commands failed:
	CompileC /Users/wangjunpeng/Documents/Work/HelloAnother/ios-build/CMakeFiles/CMakeTmp/CMAKE_TRY_COMPILE.build/Debug-iphonesimulator/cmTC_611da.build/Objects-normal/x86_64/CheckIncludeFile.o /Users/wangjunpeng/Documents/Work/HelloAnother/ios-build/CMakeFiles/CMakeTmp/CheckIncludeFile.c normal x86_64 c com.apple.compilers.llvm.clang.1_0.compiler
(1 failure)



